<?xml version="1.0" encoding="UTF-8"?>
<testsuite name="com.codehows.sbd.controller.BlogApiControllerTest" tests="5" skipped="0" failures="0" errors="0" timestamp="2024-04-16T07:50:26" hostname="CODEPC7" time="1.075">
  <properties/>
  <testcase name="findArticld : 블로그 글 삭제에 성공한다." classname="com.codehows.sbd.controller.BlogApiControllerTest" time="0.86"/>
  <testcase name="findArticld : 블로그 글 조회에 성공한다." classname="com.codehows.sbd.controller.BlogApiControllerTest" time="0.093"/>
  <testcase name="findAllArticles : 블로그 글 목록 조회에 성공한다." classname="com.codehows.sbd.controller.BlogApiControllerTest" time="0.024"/>
  <testcase name="addArticle : 블로그 글 추가" classname="com.codehows.sbd.controller.BlogApiControllerTest" time="0.065"/>
  <testcase name="findArticld : 블로그 글 수정띠." classname="com.codehows.sbd.controller.BlogApiControllerTest" time="0.027"/>
  <system-out><![CDATA[16:50:22.605 [Test worker] INFO org.springframework.test.context.support.AnnotationConfigContextLoaderUtils -- Could not detect default configuration classes for test class [com.codehows.sbd.controller.BlogApiControllerTest]: BlogApiControllerTest does not declare any static, non-private, non-final, nested classes annotated with @Configuration.
16:50:22.730 [Test worker] INFO org.springframework.boot.test.context.SpringBootTestContextBootstrapper -- Found @SpringBootConfiguration com.codehows.sbd.SbdApplication for test class com.codehows.sbd.controller.BlogApiControllerTest

  .   ____          _            __ _ _
 /\\ / ___'_ __ _ _(_)_ __  __ _ \ \ \ \
( ( )\___ | '_ | '_| | '_ \/ _` | \ \ \ \
 \\/  ___)| |_)| | | | | || (_| |  ) ) ) )
  '  |____| .__|_| |_|_| |_\__, | / / / /
 =========|_|==============|___/=/_/_/_/
 :: Spring Boot ::                (v3.2.4)

2024-04-16T16:50:23.220+09:00  INFO 8512 --- [sbd] [    Test worker] c.c.s.controller.BlogApiControllerTest   : Starting BlogApiControllerTest using Java 17.0.9 with PID 8512 (started by codepc in C:\springbootwork\sbd)
2024-04-16T16:50:23.220+09:00  INFO 8512 --- [sbd] [    Test worker] c.c.s.controller.BlogApiControllerTest   : No active profile set, falling back to 1 default profile: "default"
2024-04-16T16:50:23.857+09:00  INFO 8512 --- [sbd] [    Test worker] .s.d.r.c.RepositoryConfigurationDelegate : Bootstrapping Spring Data JPA repositories in DEFAULT mode.
2024-04-16T16:50:23.919+09:00  INFO 8512 --- [sbd] [    Test worker] .s.d.r.c.RepositoryConfigurationDelegate : Finished Spring Data repository scanning in 57 ms. Found 1 JPA repository interface.
2024-04-16T16:50:24.341+09:00  INFO 8512 --- [sbd] [    Test worker] com.zaxxer.hikari.HikariDataSource       : HikariPool-1 - Starting...
2024-04-16T16:50:24.529+09:00  INFO 8512 --- [sbd] [    Test worker] com.zaxxer.hikari.pool.HikariPool        : HikariPool-1 - Added connection conn0: url=jdbc:h2:mem:testdb user=SA
2024-04-16T16:50:24.529+09:00  INFO 8512 --- [sbd] [    Test worker] com.zaxxer.hikari.HikariDataSource       : HikariPool-1 - Start completed.
2024-04-16T16:50:24.592+09:00  INFO 8512 --- [sbd] [    Test worker] o.hibernate.jpa.internal.util.LogHelper  : HHH000204: Processing PersistenceUnitInfo [name: default]
2024-04-16T16:50:24.670+09:00  INFO 8512 --- [sbd] [    Test worker] org.hibernate.Version                    : HHH000412: Hibernate ORM core version 6.4.4.Final
2024-04-16T16:50:24.701+09:00  INFO 8512 --- [sbd] [    Test worker] o.h.c.internal.RegionFactoryInitiator    : HHH000026: Second-level cache disabled
2024-04-16T16:50:24.982+09:00  INFO 8512 --- [sbd] [    Test worker] o.s.o.j.p.SpringPersistenceUnitInfo      : No LoadTimeWeaver setup: ignoring JPA class transformer
2024-04-16T16:50:25.873+09:00  INFO 8512 --- [sbd] [    Test worker] o.h.e.t.j.p.i.JtaPlatformInitiator       : HHH000489: No JTA platform available (set 'hibernate.transaction.jta.platform' to enable JTA platform integration)
Hibernate: 
    drop table if exists article cascade 
Hibernate: 
    create table article (
        id bigint generated by default as identity,
        content varchar(255) not null,
        title varchar(255) not null,
        primary key (id)
    )
2024-04-16T16:50:25.920+09:00  INFO 8512 --- [sbd] [    Test worker] j.LocalContainerEntityManagerFactoryBean : Initialized JPA EntityManagerFactory for persistence unit 'default'
2024-04-16T16:50:26.326+09:00  WARN 8512 --- [sbd] [    Test worker] JpaBaseConfiguration$JpaWebConfiguration : spring.jpa.open-in-view is enabled by default. Therefore, database queries may be performed during view rendering. Explicitly configure spring.jpa.open-in-view to disable this warning
2024-04-16T16:50:26.686+09:00  INFO 8512 --- [sbd] [    Test worker] o.s.b.a.h2.H2ConsoleAutoConfiguration    : H2 console available at '/h2-console'. Database available at 'jdbc:h2:mem:testdb'
2024-04-16T16:50:26.748+09:00  INFO 8512 --- [sbd] [    Test worker] o.s.b.t.m.w.SpringBootMockServletContext : Initializing Spring TestDispatcherServlet ''
2024-04-16T16:50:26.748+09:00  INFO 8512 --- [sbd] [    Test worker] o.s.t.web.servlet.TestDispatcherServlet  : Initializing Servlet ''
2024-04-16T16:50:26.748+09:00  INFO 8512 --- [sbd] [    Test worker] o.s.t.web.servlet.TestDispatcherServlet  : Completed initialization in 0 ms
2024-04-16T16:50:26.795+09:00  INFO 8512 --- [sbd] [    Test worker] c.c.s.controller.BlogApiControllerTest   : Started BlogApiControllerTest in 3.894 seconds (process running for 5.161)
2024-04-16T16:50:27.286+09:00  INFO 8512 --- [sbd] [    Test worker] o.s.b.t.m.w.SpringBootMockServletContext : Initializing Spring TestDispatcherServlet ''
2024-04-16T16:50:27.286+09:00  INFO 8512 --- [sbd] [    Test worker] o.s.t.web.servlet.TestDispatcherServlet  : Initializing Servlet ''
2024-04-16T16:50:27.286+09:00  INFO 8512 --- [sbd] [    Test worker] o.s.t.web.servlet.TestDispatcherServlet  : Completed initialization in 0 ms
Hibernate: 
    select
        a1_0.id,
        a1_0.content,
        a1_0.title 
    from
        article a1_0
Hibernate: 
    delete 
    from
        article 
    where
        id=?
Hibernate: 
    delete 
    from
        article 
    where
        id=?
Hibernate: 
    delete 
    from
        article 
    where
        id=?
Hibernate: 
    insert 
    into
        article
        (content, title, id) 
    values
        (?, ?, default)
Hibernate: 
    select
        a1_0.id,
        a1_0.content,
        a1_0.title 
    from
        article a1_0 
    where
        a1_0.id=?
Hibernate: 
    delete 
    from
        article 
    where
        id=?
Hibernate: 
    select
        a1_0.id,
        a1_0.content,
        a1_0.title 
    from
        article a1_0
2024-04-16T16:50:27.677+09:00  INFO 8512 --- [sbd] [    Test worker] o.s.b.t.m.w.SpringBootMockServletContext : Initializing Spring TestDispatcherServlet ''
2024-04-16T16:50:27.677+09:00  INFO 8512 --- [sbd] [    Test worker] o.s.t.web.servlet.TestDispatcherServlet  : Initializing Servlet ''
2024-04-16T16:50:27.677+09:00  INFO 8512 --- [sbd] [    Test worker] o.s.t.web.servlet.TestDispatcherServlet  : Completed initialization in 0 ms
Hibernate: 
    select
        a1_0.id,
        a1_0.content,
        a1_0.title 
    from
        article a1_0
Hibernate: 
    insert 
    into
        article
        (content, title, id) 
    values
        (?, ?, default)
Hibernate: 
    select
        a1_0.id,
        a1_0.content,
        a1_0.title 
    from
        article a1_0 
    where
        a1_0.id=?
2024-04-16T16:50:27.770+09:00  INFO 8512 --- [sbd] [    Test worker] o.s.b.t.m.w.SpringBootMockServletContext : Initializing Spring TestDispatcherServlet ''
2024-04-16T16:50:27.770+09:00  INFO 8512 --- [sbd] [    Test worker] o.s.t.web.servlet.TestDispatcherServlet  : Initializing Servlet ''
2024-04-16T16:50:27.770+09:00  INFO 8512 --- [sbd] [    Test worker] o.s.t.web.servlet.TestDispatcherServlet  : Completed initialization in 0 ms
Hibernate: 
    select
        a1_0.id,
        a1_0.content,
        a1_0.title 
    from
        article a1_0
Hibernate: 
    delete 
    from
        article 
    where
        id=?
Hibernate: 
    insert 
    into
        article
        (content, title, id) 
    values
        (?, ?, default)
Hibernate: 
    select
        a1_0.id,
        a1_0.content,
        a1_0.title 
    from
        article a1_0
2024-04-16T16:50:27.802+09:00  INFO 8512 --- [sbd] [    Test worker] o.s.b.t.m.w.SpringBootMockServletContext : Initializing Spring TestDispatcherServlet ''
2024-04-16T16:50:27.802+09:00  INFO 8512 --- [sbd] [    Test worker] o.s.t.web.servlet.TestDispatcherServlet  : Initializing Servlet ''
2024-04-16T16:50:27.802+09:00  INFO 8512 --- [sbd] [    Test worker] o.s.t.web.servlet.TestDispatcherServlet  : Completed initialization in 0 ms
Hibernate: 
    select
        a1_0.id,
        a1_0.content,
        a1_0.title 
    from
        article a1_0
Hibernate: 
    delete 
    from
        article 
    where
        id=?
Hibernate: 
    insert 
    into
        article
        (content, title, id) 
    values
        (?, ?, default)
Hibernate: 
    select
        a1_0.id,
        a1_0.content,
        a1_0.title 
    from
        article a1_0
2024-04-16T16:50:27.871+09:00  INFO 8512 --- [sbd] [    Test worker] o.s.b.t.m.w.SpringBootMockServletContext : Initializing Spring TestDispatcherServlet ''
2024-04-16T16:50:27.871+09:00  INFO 8512 --- [sbd] [    Test worker] o.s.t.web.servlet.TestDispatcherServlet  : Initializing Servlet ''
2024-04-16T16:50:27.872+09:00  INFO 8512 --- [sbd] [    Test worker] o.s.t.web.servlet.TestDispatcherServlet  : Completed initialization in 1 ms
Hibernate: 
    select
        a1_0.id,
        a1_0.content,
        a1_0.title 
    from
        article a1_0
Hibernate: 
    delete 
    from
        article 
    where
        id=?
Hibernate: 
    insert 
    into
        article
        (content, title, id) 
    values
        (?, ?, default)
Hibernate: 
    select
        a1_0.id,
        a1_0.content,
        a1_0.title 
    from
        article a1_0 
    where
        a1_0.id=?
Hibernate: 
    update
        article 
    set
        content=?,
        title=? 
    where
        id=?
Hibernate: 
    select
        a1_0.id,
        a1_0.content,
        a1_0.title 
    from
        article a1_0 
    where
        a1_0.id=?
]]></system-out>
  <system-err><![CDATA[]]></system-err>
</testsuite>
